\BOOKMARK [1][-]{section*.1}{\376\377\000C\000o\000n\000v\000e\000r\000s\000e\000r\000\040\000\340\000\040\000l\000'\000\350\000r\000e\000\040\000d\000e\000\040\000l\000'\000a\000u\000t\000o\000c\000o\000m\000p\000l\000\351\000t\000i\000o\000n}{}% 1
\BOOKMARK [2][-]{section*.2}{\376\377\000R\000e\000m\000e\000r\000c\000i\000e\000m\000e\000n\000t\000s}{section*.1}% 2
\BOOKMARK [2][-]{section*.4}{\376\377\000S\000o\000m\000m\000a\000i\000r\000e}{section*.1}% 3
\BOOKMARK [2][-]{section*.5}{\376\377\000I\000n\000t\000r\000o\000d\000u\000c\000t\000i\000o\000n}{section*.1}% 4
\BOOKMARK [3][-]{section*.7}{\376\377\000P\000r\000\351\000s\000e\000n\000t\000a\000t\000i\000o\000n\000\040\000d\000u\000\040\000m\000\351\000m\000o\000i\000r\000e}{section*.5}% 5
\BOOKMARK [2][-]{section*.8}{\376\377\000D\000u\000\040\000s\000y\000s\000t\000\350\000m\000e\000\040\000d\000'\000a\000u\000t\000o\000c\000o\000m\000p\000l\000\351\000t\000i\000o\000n\000\040\000a\000u\000\040\000s\000y\000s\000t\000\350\000m\000e\000\040\000d\000e\000\040\000r\000e\000c\000o\000m\000m\000a\000n\000d\000a\000t\000i\000o\000n}{section*.1}% 6
\BOOKMARK [3][-]{section*.9}{\376\377\000D\000'\000u\000n\000e\000\040\000a\000i\000d\000e\000\040\000\340\000\040\000l\000a\000\040\000s\000a\000i\000s\000i\000e\000\040\000v\000e\000r\000s\000\040\000u\000n\000e\000\040\000a\000i\000d\000e\000\040\000\340\000\040\000l\000'\000\351\000c\000r\000i\000t\000u\000r\000e}{section*.8}% 7
\BOOKMARK [3][-]{section*.10}{\376\377\000L\000'\000a\000u\000t\000o\000c\000o\000m\000p\000l\000\351\000t\000i\000o\000n\000\040\000a\000u\000j\000o\000u\000r\000d\000'\000h\000u\000i}{section*.8}% 8
\BOOKMARK [3][-]{section*.12}{\376\377\000F\000o\000n\000c\000t\000i\000o\000n\000n\000e\000m\000e\000n\000t\000\040\000d\000'\000u\000n\000\040\000s\000y\000s\000t\000\350\000m\000e\000\040\000d\000e\000\040\000r\000e\000c\000o\000m\000m\000a\000n\000d\000a\000t\000i\000o\000n}{section*.8}% 9
\BOOKMARK [3][-]{section*.13}{\376\377\000D\000e\000s\000i\000g\000n\000\040\000d\000'\000u\000n\000\040\000s\000y\000s\000t\000\350\000m\000e\000\040\000d\000'\000u\000n\000\040\000s\000y\000s\000t\000\350\000m\000e\000\040\000d\000e\000\040\000r\000e\000c\000o\000m\000m\000a\000n\000d\000a\000t\000i\000o\000n}{section*.8}% 10
\BOOKMARK [2][-]{section*.18}{\376\377\000u\000t\000i\000l\000i\000s\000a\000b\000i\000l\000i\000t\000\351\000\040\000=\000>\000\040\000i\000n\000v\000e\000n\000t\000i\000v\000i\000t\000\351}{section*.1}% 11
\BOOKMARK [3][-]{section*.19}{\376\377\000\176\000\176\000D\000e\000s\000\040\000e\000x\000p\000\351\000r\000i\000e\000n\000c\000e\000s\000\040\000p\000l\000e\000i\000n\000e\000s\000\040\000d\000e\000\040\000b\000o\000n\000n\000e\000s\000\040\000i\000n\000t\000e\000n\000t\000i\000o\000n\000s\000\040\000\176\000\176\000\040\000/\000\040\000D\000e\000s\000\040\000e\000x\000p\000\351\000r\000i\000e\000n\000c\000e\000s\000\040\000c\000r\000i\000t\000i\000q\000u\000e\000s}{section*.18}% 12
\BOOKMARK [3][-]{section*.21}{\376\377\000L\000a\000\040\000q\000u\000\352\000t\000e\000\040\000d\000e\000\040\000l\000'\000e\000f\000f\000i\000c\000a\000c\000i\000t\000\351\000\040\000/\000\040\000L\000a\000\040\000q\000u\000\352\000t\000e\000\040\000d\000e\000\040\000l\000a\000\040\000s\000i\000n\000g\000u\000l\000a\000r\000i\000t\000\351}{section*.18}% 13
\BOOKMARK [2][-]{section*.22}{\376\377\000t\000e\000c\000h\000n\000o\000l\000o\000g\000i\000e\000\040\000c\000a\000l\000m\000e\000\040\000=\000>\000\040\000t\000e\000c\000h\000n\000o\000l\000o\000g\000i\000e\000\040\000p\000e\000r\000t\000u\000r\000b\000a\000n\000t\000e}{section*.1}% 14
\BOOKMARK [3][-]{section*.23}{\376\377\000U\000n\000e\000\040\000t\000e\000c\000h\000n\000o\000l\000o\000g\000i\000e\000\040\000q\000u\000i\000\040\000f\000a\000i\000t\000\040\000j\000u\000s\000t\000e\000\040\000c\000e\000\040\000q\000u\000'\000o\000n\000\040\000l\000u\000i\000\040\000d\000e\000m\000a\000n\000d\000e\000\040\000/\000\040\000U\000n\000e\000\040\000t\000e\000c\000h\000n\000o\000l\000o\000g\000i\000e\000\040\000q\000u\000i\000\040\000a\000g\000i\000t\000\040\000l\000\340\000\040\000o\000\371\000\040\000o\000n\000\040\000n\000e\000\040\000l\000'\000a\000t\000t\000e\000n\000d\000\040\000p\000a\000s}{section*.22}% 15
\BOOKMARK [3][-]{section*.24}{\376\377\000U\000n\000e\000\040\000t\000e\000c\000h\000n\000o\000l\000o\000g\000i\000e\000\040\000q\000u\000i\000\040\000a\000g\000i\000t\000\040\000e\000n\000\040\000a\000r\000r\000i\000\350\000r\000e\000-\000p\000l\000a\000n\000\040\000/\000\040\000U\000n\000e\000\040\000t\000e\000c\000h\000n\000o\000l\000o\000g\000i\000e\000\040\000e\000x\000p\000l\000i\000c\000i\000t\000e\000m\000e\000n\000t\000\040\000p\000a\000r\000a\000m\000\351\000t\000r\000a\000b\000l\000e}{section*.22}% 16
\BOOKMARK [3][-]{section*.26}{\376\377\000N\000e\000\040\000p\000a\000s\000\040\000e\000n\000\040\000d\000i\000r\000e\000\040\000t\000r\000o\000p\000\040\000s\000u\000r\000\040\000c\000o\000m\000m\000e\000n\000t\000\040\000l\000e\000\040\000s\000y\000s\000t\000\350\000m\000e\000\040\000f\000o\000n\000c\000t\000i\000o\000n\000n\000e\000\040\000=\000>\000\040\000D\000i\000r\000e\000\040\000c\000l\000a\000i\000r\000e\000m\000e\000n\000t\000\040\000c\000o\000m\000m\000e\000n\000t\000\040\000l\000e\000\040\000s\000y\000s\000t\000\350\000m\000e\000\040\000f\000o\000n\000c\000t\000i\000o\000n\000n\000e}{section*.22}% 17
\BOOKMARK [2][-]{section*.27}{\376\377\000d\000e\000s\000i\000g\000n\000\040\000i\000n\000v\000i\000s\000i\000b\000l\000e\000\040\000=\000>\000\040\000d\000e\000s\000i\000g\000n\000\040\000v\000i\000s\000i\000b\000l\000e}{section*.1}% 18
\BOOKMARK [3][-]{section*.29}{\376\377\000T\000i\000r\000e\000r\000\040\000p\000a\000r\000t\000i\000\040\000d\000e\000s\000\040\000o\000r\000d\000i\000n\000a\000t\000e\000u\000r\000s\000\040\000p\000l\000u\000t\000\364\000t\000\040\000q\000u\000e\000\040\000d\000e\000\040\000l\000e\000s\000\040\000s\000e\000r\000v\000i\000r\000\040\000=\000>\000\040\000S\000'\000a\000d\000a\000p\000t\000e\000r\000\040\000\340\000\040\000l\000a\000\040\000l\000o\000g\000i\000q\000u\000e\000\040\000c\000o\000m\000p\000u\000t\000a\000t\000i\000o\000n\000n\000e\000l\000l\000e}{section*.27}% 19
\BOOKMARK [3][-]{section*.30}{\376\377\000L\000a\000\040\000m\000a\000g\000i\000e\000\040\000d\000e\000\040\000l\000'\000i\000n\000v\000i\000s\000i\000b\000i\000l\000i\000t\000\351\000\040\000=\000>\000\040\000L\000a\000\040\000n\000\351\000c\000e\000s\000s\000i\000t\000\351\000\040\000d\000e\000\040\000v\000i\000s\000i\000b\000i\000l\000i\000t\000\351}{section*.27}% 20
\BOOKMARK [2][-]{section*.32}{\376\377\000V\000e\000r\000s\000\040\000d\000e\000\040\000n\000o\000u\000v\000e\000l\000l\000e\000s\000\040\000f\000o\000r\000m\000e\000s\000\040\000d\000e\000\040\000c\000o\000l\000l\000a\000b\000o\000r\000a\000t\000i\000o\000n\000\040\000h\000u\000m\000a\000i\000n\000-\000m\000a\000c\000h\000i\000n\000e}{section*.1}% 21
\BOOKMARK [3][-]{section*.33}{\376\377\000L\000a\000\040\000t\000e\000c\000h\000n\000o\000l\000o\000g\000i\000e\000\040\000e\000n\000\040\000t\000a\000n\000t\000\040\000q\000u\000'\000o\000u\000t\000i\000l\000\040\000c\000r\000\351\000a\000t\000i\000f\000\040\000d\000'\000e\000x\000p\000r\000e\000s\000s\000i\000o\000n\000\040\000e\000t\000\040\000n\000o\000n\000\040\000e\000n\000\040\000t\000e\000m\000p\000s\000\040\000q\000u\000'\000a\000s\000s\000i\000s\000t\000a\000n\000t}{section*.32}% 22
\BOOKMARK [3][-]{section*.34}{\376\377\000L\000'\000i\000m\000p\000o\000r\000t\000a\000n\000c\000e\000\040\000d\000'\000a\000v\000o\000i\000r\000\040\000d\000e\000s\000\040\000l\000o\000g\000i\000c\000i\000e\000l\000s\000\040\000p\000a\000r\000a\000m\000\350\000t\000r\000a\000b\000l\000e\000s\000\040\000e\000t\000\040\000m\000o\000d\000u\000l\000a\000i\000r\000e\000s}{section*.32}% 23
\BOOKMARK [3][-]{section*.35}{\376\377\000L\000e\000\040\000m\000o\000d\000\350\000l\000e\000\040\000d\000e\000s\000\040\000e\000x\000t\000e\000n\000s\000i\000o\000n\000s}{section*.32}% 24
\BOOKMARK [3][-]{section*.36}{\376\377\000U\000n\000e\000\040\000t\000e\000c\000h\000n\000o\000l\000o\000g\000i\000e\000\040\000c\000h\000i\000l\000i}{section*.32}% 25
\BOOKMARK [3][-]{section*.37}{\376\377\000T\000e\000c\000h\000n\000o\000l\000o\000g\000i\000e\000\040\000c\000h\000i\000l\000i}{section*.32}% 26
\BOOKMARK [2][-]{section*.41}{\376\377\000A\000n\000n\000e\000x\000e\000\040\000:\000\040\000E\000t\000\040\000s\000i\040\046\000\040\000?}{section*.1}% 27
\BOOKMARK [3][-]{section*.42}{\376\377\000C\000o\000a\000c\000h\000\040\000p\000e\000r\000s\000o\000n\000n\000e\000l\000\040\000p\000o\000u\000r\000\040\000l\000e\000s\000\040\000r\000e\000l\000a\000t\000i\000o\000n\000s\000\040\000s\000o\000c\000i\000a\000l\000e\000s}{section*.41}% 28
\BOOKMARK [3][-]{section*.43}{\376\377\000T\000e\000m\000p\000l\000a\000t\000e\000s\000\040\000d\000e\000\040\000c\000o\000n\000v\000e\000r\000s\000a\000t\000i\000o\000n}{section*.41}% 29
\BOOKMARK [3][-]{section*.44}{\376\377\000E\000c\000r\000i\000r\000e\000\040\000d\000a\000n\000s\000\040\000l\000e\000\040\000s\000t\000y\000l\000e\000\040\000d\000e\040\046}{section*.41}% 30
\BOOKMARK [3][-]{section*.45}{\376\377\000G\000e\000s\000t\000i\000o\000n\000n\000a\000i\000r\000e\000\040\000d\000e\000\040\000p\000e\000r\000s\000o\000n\000n\000a\000l\000i\000t\000\351}{section*.41}% 31
\BOOKMARK [3][-]{section*.46}{\376\377\000G\000e\000s\000t\000i\000o\000n\000n\000a\000i\000r\000e\000\040\000d\000e\000\040\000v\000o\000c\000a\000b\000u\000l\000a\000i\000r\000e}{section*.41}% 32
\BOOKMARK [3][-]{section*.47}{\376\377\000D\000i\000f\000f\000\351\000r\000e\000n\000c\000i\000e\000r\000\040\000l\000e\000s\000\040\000m\000o\000t\000s\000\040\000c\000o\000m\000p\000l\000\351\000t\000\351\000s}{section*.41}% 33
\BOOKMARK [2][-]{section*.48}{\376\377\000B\000i\000b\000l\000i\000o\000g\000r\000a\000p\000h\000i\000e}{section*.1}% 34
\BOOKMARK [3][-]{section*.49}{\376\377\000I\000c\000o\000n\000o\000g\000r\000a\000p\000h\000i\000e}{section*.48}% 35
